<a href="http://localhost:8080/people/admin">Administrator</a> created <a href="http://localhost:8080/docs/DOC-1020">Audioanalgesia</a> in <a href="http://localhost:8080/community/getting-started">Getting Started</a> @ <b>http://localhost:8080</b><br>
<div style='background-color:white;margin:4px;'>Audioanalgesia&nbsp; From Wikipedia, the free encyclopedia&nbsp; https://en.wikipedia.org/wiki/Audioanalgesia#mw-navigationhttps://en.wikipedia.org/wiki/Audioanalgesia#p-search Audioanalgesia Intervention MeSH D001297 Audioanalgesia (also known as</div><br>
<a href="http://localhost:8080/people/admin">Administrator</a> created <a href="http://localhost:8080/docs/DOC-1021">Alamance Hotel</a> in <a href="http://localhost:8080/community/getting-started">Getting Started</a> @ <b>http://localhost:8080</b><br>
<div style='background-color:white;margin:4px;'>Alamance Hotel&nbsp; From Wikipedia, the free encyclopedia&nbsp; https://en.wikipedia.org/wiki/Alamance_Hotel#mw-navigationhttps://en.wikipedia.org/wiki/Alamance_Hotel#p-search &nbsp; Alamance Hotel&nbsp;   U.S. National Register of Historic Places  U.S.</div><br>
<a href="http://localhost:8080/people/admin">Administrator</a> created <a href="http://localhost:8080/docs/DOC-1022">Alamance Hotel</a> in <a href="http://localhost:8080/community/getting-started">Getting Started</a> @ <b>http://localhost:8080</b><br>
<div style='background-color:white;margin:4px;'>Alamance Hotel&nbsp; From Wikipedia, the free encyclopedia&nbsp; https://en.wikipedia.org/wiki/Alamance_Hotel#mw-navigationhttps://en.wikipedia.org/wiki/Alamance_Hotel#p-search &nbsp; Alamance Hotel&nbsp;   U.S. National Register of Historic Places  U.S.</div><br>
<a href="http://localhost:8080/people/admin">Administrator</a> commented on <a href="http://localhost:8080/docs/DOC-1022#comment-1007">Alamance Hotel</a> in <a href="http://localhost:8080/community/getting-started">Getting Started</a> @ <b>http://localhost:8080</b><br>
<div style='background-color:white;margin:4px;'>Test</div><br>
<a href="http://localhost:8080/people/admin">Administrator</a> commented on <a href="http://localhost:8080/docs/DOC-1022#comment-1008">Alamance Hotel</a> in <a href="http://localhost:8080/community/getting-started">Getting Started</a> @ <b>http://localhost:8080</b><br>
<div style='background-color:white;margin:4px;'>Test Two!</div><br>
<a href="http://localhost:8080/people/admin">Administrator</a> commented on <a href="http://localhost:8080/docs/DOC-1022#comment-1009">Alamance Hotel</a> in <a href="http://localhost:8080/community/getting-started">Getting Started</a> @ <b>http://localhost:8080</b><br>
<div style='background-color:white;margin:4px;'>sdgagdfgdfsg</div><br>
<a href="http://localhost:8080/people/admin">Administrator</a> commented on <a href="http://localhost:8080/docs/DOC-1022#comment-1010">Alamance Hotel</a> in <a href="http://localhost:8080/community/getting-started">Getting Started</a> @ <b>http://localhost:8080</b><br>
<div style='background-color:white;margin:4px;'>fkgfljhfjlhgjlkjb</div><br>
<a href="http://localhost:8080/people/admin">Administrator</a> commented on <a href="http://localhost:8080/docs/DOC-1022#comment-1011">Alamance Hotel</a> in <a href="http://localhost:8080/community/getting-started">Getting Started</a> @ <b>http://localhost:8080</b><br>
<div style='background-color:white;margin:4px;'>Hopefully this shows up somewhere!</div><br>
<a href="http://localhost:8080/people/admin">Administrator</a> commented on <a href="http://localhost:8080/docs/DOC-1022#comment-1012">Alamance Hotel</a> in <a href="http://localhost:8080/community/getting-started">Getting Started</a> @ <b>http://localhost:8080</b><br>
<div style='background-color:white;margin:4px;'>Hopefully this shows up somewhere!</div><br>
<a href="http://localhost:8080/people/admin">Administrator</a> commented on <a href="http://localhost:8080/docs/DOC-1022#comment-1013">Alamance Hotel</a> in <a href="http://localhost:8080/community/getting-started">Getting Started</a> @ <b>http://localhost:8080</b><br>
<div style='background-color:white;margin:4px;'>Blah</div><br>
<a href="http://localhost:8080/people/admin">Administrator</a> commented on <a href="http://localhost:8080/docs/DOC-1022#comment-1014">Alamance Hotel</a> in <a href="http://localhost:8080/community/getting-started">Getting Started</a> @ <b>http://localhost:8080</b><br>
<div style='background-color:white;margin:4px;'>Blah 'Gain</div><br>
<a href="http://localhost:8080/people/admin">Administrator</a> commented on <a href="http://localhost:8080/docs/DOC-1022#comment-1015">Alamance Hotel</a> in <a href="http://localhost:8080/community/getting-started">Getting Started</a> @ <b>http://localhost:8080</b><br>
<div style='background-color:white;margin:4px;'>Blaaaaaaaaaah</div><br>
<a href="http://localhost:8080/people/admin">Administrator</a> commented on <a href="http://localhost:8080/docs/DOC-1022#comment-1016">Alamance Hotel</a> in <a href="http://localhost:8080/community/getting-started">Getting Started</a> @ <b>http://localhost:8080</b><br>
<div style='background-color:white;margin:4px;'>sdgsdgsghghgfdh</div><br>
<a href="http://localhost:8080/people/admin">Administrator</a> commented on <a href="http://localhost:8080/docs/DOC-1022#comment-1018">Alamance Hotel</a> in <a href="http://localhost:8080/community/getting-started">Getting Started</a> @ <b>http://localhost:8080</b><br>
<div style='background-color:white;margin:4px;'>grbrbgbfgbfdbdfg</div><br>
<a href="http://localhost:8080/people/admin">Administrator</a> commented on <a href="http://localhost:8080/docs/DOC-1022#comment-1017">Alamance Hotel</a> in <a href="http://localhost:8080/community/getting-started">Getting Started</a> @ <b>http://localhost:8080</b><br>
<div style='background-color:white;margin:4px;'>dfsdafkasdmfmfd;lmfd</div><br>
<a href="http://localhost:8080/people/admin">Administrator</a> commented on <a href="http://localhost:8080/docs/DOC-1022#comment-1019">Alamance Hotel</a> in <a href="http://localhost:8080/community/getting-started">Getting Started</a> @ <b>http://localhost:8080</b><br>
<div style='background-color:white;margin:4px;'>tyndnggfdgfbdfgb</div><br>
<a href="http://localhost:8080/people/admin">Administrator</a> commented on <a href="http://localhost:8080/docs/DOC-1022#comment-1020">Alamance Hotel</a> in <a href="http://localhost:8080/community/getting-started">Getting Started</a> @ <b>http://localhost:8080</b><br>
<div style='background-color:white;margin:4px;'>This should be in the response!</div><br>
<a href="http://localhost:8080/people/admin">Administrator</a> commented on <a href="http://localhost:8080/docs/DOC-1022#comment-1021">Alamance Hotel</a> in <a href="http://localhost:8080/community/getting-started">Getting Started</a> @ <b>http://localhost:8080</b><br>
<div style='background-color:white;margin:4px;'>bnghfnghnghnfghnfghn</div><br>
